<?xml version="1.0" encoding="UTF-8"?>
<testsuite xmlns:xsi="http://www.w3.org/2001/XMLSchema-instance" xsi:noNamespaceSchemaLocation="https://maven.apache.org/surefire/maven-surefire-plugin/xsd/surefire-test-report.xsd" name="PalindromoTest" time="0.059" tests="3" errors="0" skipped="0" failures="0">
  <properties>
[...]
</properties>
  <testcase name="deveRetornarTrueParaPalindromoSimples" classname="PalindromoTest" time="0.033"/>
  <testcase name="deveRetornarFalseParaNaoPalindromo" classname="PalindromoTest" time="0.007"/>
  <testcase name="deveRetornarTrueParaFrasePalindroma" classname="PalindromoTest" time="0.003"/>
</testsuite>